<?xml version="1.0" encoding="UTF-8"?>
<coverage generated="1766951083243" clover="3.2.0">
  <project timestamp="1766951083243" name="All files">
    <metrics statements="237" coveredstatements="206" conditionals="107" coveredconditionals="88" methods="81" coveredmethods="71" elements="425" coveredelements="365" complexity="0" loc="237" ncloc="237" packages="4" files="7" classes="7"/>
    <package name="components.VideoPlayer">
      <metrics statements="51" coveredstatements="49" conditionals="24" coveredconditionals="22" methods="12" coveredmethods="10"/>
      <file name="index.tsx" path="/Users/matthewhans/Desktop/Programming/interdim-cable/viewer/src/components/VideoPlayer/index.tsx">
        <metrics statements="51" coveredstatements="49" conditionals="24" coveredconditionals="22" methods="12" coveredmethods="10"/>
        <line num="20" count="64" type="stmt"/>
        <line num="21" count="64" type="stmt"/>
        <line num="22" count="64" type="stmt"/>
        <line num="23" count="64" type="stmt"/>
        <line num="33" count="64" type="stmt"/>
        <line num="37" count="64" type="stmt"/>
        <line num="38" count="29" type="stmt"/>
        <line num="39" count="29" type="stmt"/>
        <line num="41" count="29" type="stmt"/>
        <line num="42" count="3" type="stmt"/>
        <line num="43" count="3" type="stmt"/>
        <line num="46" count="29" type="stmt"/>
        <line num="51" count="64" type="stmt"/>
        <line num="52" count="29" type="cond" truecount="1" falsecount="1"/>
        <line num="54" count="29" type="stmt"/>
        <line num="55" count="29" type="stmt"/>
        <line num="58" count="29" type="stmt"/>
        <line num="59" count="29" type="cond" truecount="2" falsecount="0"/>
        <line num="60" count="2" type="stmt"/>
        <line num="64" count="27" type="stmt"/>
        <line num="67" count="27" type="stmt"/>
        <line num="68" count="2" type="stmt"/>
        <line num="71" count="2" type="stmt"/>
        <line num="77" count="27" type="stmt"/>
        <line num="78" count="27" type="stmt"/>
        <line num="80" count="27" type="cond" truecount="2" falsecount="0"/>
        <line num="81" count="1" type="stmt"/>
        <line num="85" count="26" type="stmt"/>
        <line num="87" count="26" type="cond" truecount="2" falsecount="0"/>
        <line num="88" count="1" type="stmt"/>
        <line num="91" count="25" type="stmt"/>
        <line num="92" count="25" type="stmt"/>
        <line num="93" count="25" type="stmt"/>
        <line num="96" count="25" type="stmt"/>
        <line num="97" count="0" type="stmt"/>
        <line num="102" count="25" type="stmt"/>
        <line num="105" count="25" type="stmt"/>
        <line num="108" count="25" type="stmt"/>
        <line num="109" count="57" type="stmt"/>
        <line num="117" count="57" type="cond" truecount="2" falsecount="0"/>
        <line num="121" count="2" type="stmt"/>
        <line num="125" count="25" type="stmt"/>
        <line num="126" count="0" type="stmt"/>
        <line num="129" count="4" type="stmt"/>
        <line num="130" count="4" type="stmt"/>
        <line num="133" count="4" type="stmt"/>
        <line num="137" count="29" type="stmt"/>
        <line num="139" count="29" type="stmt"/>
        <line num="140" count="29" type="stmt"/>
        <line num="141" count="29" type="stmt"/>
        <line num="145" count="64" type="stmt"/>
      </file>
    </package>
    <package name="hooks">
      <metrics statements="29" coveredstatements="29" conditionals="21" coveredconditionals="21" methods="4" coveredmethods="4"/>
      <file name="useKeyboardShortcuts.ts" path="/Users/matthewhans/Desktop/Programming/interdim-cable/viewer/src/hooks/useKeyboardShortcuts.ts">
        <metrics statements="29" coveredstatements="29" conditionals="21" coveredconditionals="21" methods="4" coveredmethods="4"/>
        <line num="7" count="20" type="stmt"/>
        <line num="8" count="20" type="stmt"/>
        <line num="9" count="19" type="stmt"/>
        <line num="12" count="19" type="cond" truecount="2" falsecount="0"/>
        <line num="16" count="2" type="stmt"/>
        <line num="19" count="17" type="cond" truecount="9" falsecount="0"/>
        <line num="21" count="3" type="stmt"/>
        <line num="22" count="3" type="stmt"/>
        <line num="25" count="3" type="stmt"/>
        <line num="27" count="2" type="stmt"/>
        <line num="28" count="2" type="stmt"/>
        <line num="30" count="1" type="stmt"/>
        <line num="31" count="1" type="stmt"/>
        <line num="33" count="1" type="stmt"/>
        <line num="34" count="1" type="stmt"/>
        <line num="36" count="2" type="cond" truecount="2" falsecount="0"/>
        <line num="37" count="2" type="cond" truecount="2" falsecount="0"/>
        <line num="38" count="2" type="cond" truecount="2" falsecount="0"/>
        <line num="39" count="2" type="stmt"/>
        <line num="42" count="2" type="stmt"/>
        <line num="46" count="2" type="stmt"/>
        <line num="49" count="2" type="stmt"/>
        <line num="53" count="2" type="stmt"/>
        <line num="56" count="2" type="stmt"/>
        <line num="57" count="2" type="stmt"/>
        <line num="60" count="2" type="stmt"/>
        <line num="61" count="2" type="stmt"/>
        <line num="65" count="20" type="stmt"/>
        <line num="66" count="20" type="stmt"/>
      </file>
    </package>
    <package name="services">
      <metrics statements="138" coveredstatements="110" conditionals="62" coveredconditionals="45" methods="41" coveredmethods="34"/>
      <file name="p2p.ts" path="/Users/matthewhans/Desktop/Programming/interdim-cable/viewer/src/services/p2p.ts">
        <metrics statements="32" coveredstatements="10" conditionals="8" coveredconditionals="0" methods="7" coveredmethods="2"/>
        <line num="23" count="1" type="stmt"/>
        <line num="24" count="1" type="stmt"/>
        <line num="25" count="1" type="stmt"/>
        <line num="32" count="2" type="stmt"/>
        <line num="34" count="2" type="stmt"/>
        <line num="35" count="2" type="stmt"/>
        <line num="37" count="0" type="stmt"/>
        <line num="39" count="0" type="stmt"/>
        <line num="74" count="1" type="stmt"/>
        <line num="75" count="1" type="stmt"/>
        <line num="81" count="1" type="stmt"/>
        <line num="82" count="1" type="stmt"/>
        <line num="84" count="0" type="stmt"/>
        <line num="85" count="0" type="stmt"/>
        <line num="86" count="0" type="stmt"/>
        <line num="94" count="0" type="stmt"/>
        <line num="101" count="0" type="stmt"/>
        <line num="102" count="0" type="cond" truecount="0" falsecount="2"/>
        <line num="103" count="0" type="stmt"/>
        <line num="104" count="0" type="stmt"/>
        <line num="106" count="0" type="stmt"/>
        <line num="113" count="0" type="stmt"/>
        <line num="121" count="0" type="cond" truecount="0" falsecount="2"/>
        <line num="122" count="0" type="stmt"/>
        <line num="123" count="0" type="stmt"/>
        <line num="126" count="0" type="stmt"/>
        <line num="127" count="0" type="stmt"/>
        <line num="129" count="0" type="stmt"/>
        <line num="130" count="0" type="cond" truecount="0" falsecount="4"/>
        <line num="132" count="0" type="stmt"/>
        <line num="140" count="0" type="stmt"/>
        <line num="141" count="0" type="stmt"/>
      </file>
      <file name="videoBuffer.ts" path="/Users/matthewhans/Desktop/Programming/interdim-cable/viewer/src/services/videoBuffer.ts">
        <metrics statements="31" coveredstatements="28" conditionals="22" coveredconditionals="19" methods="11" coveredmethods="11"/>
        <line num="11" count="6" type="stmt"/>
        <line num="12" count="6" type="stmt"/>
        <line num="13" count="6" type="stmt"/>
        <line num="17" count="6" type="stmt"/>
        <line num="25" count="173" type="cond" truecount="1" falsecount="1"/>
        <line num="27" count="0" type="stmt"/>
        <line num="29" count="173" type="stmt"/>
        <line num="30" count="8273" type="stmt"/>
        <line num="37" count="6" type="cond" truecount="2" falsecount="0"/>
        <line num="44" count="2" type="stmt"/>
        <line num="52" count="2" type="cond" truecount="1" falsecount="1"/>
        <line num="53" count="2" type="stmt"/>
        <line num="60" count="1" type="stmt"/>
        <line num="65" count="5" type="stmt"/>
        <line num="66" count="5" type="stmt"/>
        <line num="72" count="36" type="stmt"/>
        <line num="73" count="36" type="stmt"/>
        <line num="76" count="36" type="cond" truecount="2" falsecount="0"/>
        <line num="77" count="11" type="stmt"/>
        <line num="80" count="36" type="stmt"/>
        <line num="88" count="210" type="stmt"/>
        <line num="91" count="36" type="cond" truecount="4" falsecount="0"/>
        <line num="92" count="2" type="stmt"/>
        <line num="93" count="2" type="stmt"/>
        <line num="94" count="34" type="cond" truecount="2" falsecount="0"/>
        <line num="99" count="3" type="stmt"/>
        <line num="100" count="3" type="stmt"/>
        <line num="101" count="31" type="cond" truecount="3" falsecount="1"/>
        <line num="102" count="0" type="stmt"/>
        <line num="103" count="0" type="stmt"/>
        <line num="111" count="7" type="stmt"/>
      </file>
      <file name="videoPipeline.ts" path="/Users/matthewhans/Desktop/Programming/interdim-cable/viewer/src/services/videoPipeline.ts">
        <metrics statements="52" coveredstatements="50" conditionals="24" coveredconditionals="19" methods="16" coveredmethods="15"/>
        <line num="12" count="19" type="stmt"/>
        <line num="13" count="19" type="stmt"/>
        <line num="14" count="19" type="stmt"/>
        <line num="17" count="19" type="stmt"/>
        <line num="20" count="19" type="stmt"/>
        <line num="21" count="19" type="stmt"/>
        <line num="22" count="19" type="stmt"/>
        <line num="29" count="2" type="stmt"/>
        <line num="36" count="7" type="stmt"/>
        <line num="37" count="7" type="stmt"/>
        <line num="38" count="7" type="stmt"/>
        <line num="47" count="0" type="stmt"/>
        <line num="54" count="7" type="stmt"/>
        <line num="55" count="7" type="cond" truecount="1" falsecount="1"/>
        <line num="57" count="7" type="stmt"/>
        <line num="58" count="7" type="cond" truecount="1" falsecount="1"/>
        <line num="59" count="7" type="stmt"/>
        <line num="60" count="7" type="stmt"/>
        <line num="63" count="7" type="cond" truecount="1" falsecount="1"/>
        <line num="64" count="0" type="stmt"/>
        <line num="69" count="7" type="stmt"/>
        <line num="72" count="7" type="stmt"/>
        <line num="79" count="11" type="stmt"/>
        <line num="80" count="11" type="cond" truecount="2" falsecount="0"/>
        <line num="81" count="6" type="stmt"/>
        <line num="82" count="6" type="stmt"/>
        <line num="90" count="2" type="stmt"/>
        <line num="92" count="2" type="stmt"/>
        <line num="100" count="2" type="stmt"/>
        <line num="101" count="2" type="stmt"/>
        <line num="108" count="7" type="stmt"/>
        <line num="109" count="15" type="cond" truecount="1" falsecount="1"/>
        <line num="112" count="15" type="cond" truecount="2" falsecount="0"/>
        <line num="113" count="6" type="stmt"/>
        <line num="114" count="6" type="cond" truecount="1" falsecount="1"/>
        <line num="115" count="6" type="stmt"/>
        <line num="119" count="15" type="stmt"/>
        <line num="122" count="7" type="stmt"/>
        <line num="134" count="6" type="stmt"/>
        <line num="140" count="6" type="stmt"/>
        <line num="147" count="1" type="stmt"/>
        <line num="154" count="1" type="stmt"/>
        <line num="161" count="6" type="stmt"/>
        <line num="162" count="6" type="stmt"/>
        <line num="163" count="6" type="stmt"/>
        <line num="168" count="1" type="stmt"/>
        <line num="173" count="8" type="cond" truecount="4" falsecount="0"/>
        <line num="174" count="5" type="stmt"/>
        <line num="176" count="8" type="stmt"/>
        <line num="180" count="26" type="cond" truecount="2" falsecount="0"/>
        <line num="181" count="5" type="stmt"/>
        <line num="182" count="5" type="stmt"/>
      </file>
      <file name="webcodecs.ts" path="/Users/matthewhans/Desktop/Programming/interdim-cable/viewer/src/services/webcodecs.ts">
        <metrics statements="23" coveredstatements="22" conditionals="8" coveredconditionals="7" methods="7" coveredmethods="6"/>
        <line num="5" count="5" type="stmt"/>
        <line num="8" count="5" type="stmt"/>
        <line num="11" count="5" type="stmt"/>
        <line num="13" count="5" type="stmt"/>
        <line num="20" count="4" type="stmt"/>
        <line num="26" count="4" type="stmt"/>
        <line num="27" count="4" type="cond" truecount="2" falsecount="0"/>
        <line num="28" count="1" type="stmt"/>
        <line num="31" count="3" type="stmt"/>
        <line num="32" count="1" type="stmt"/>
        <line num="34" count="0" type="stmt"/>
        <line num="38" count="3" type="stmt"/>
        <line num="39" count="3" type="stmt"/>
        <line num="46" count="3" type="cond" truecount="4" falsecount="0"/>
        <line num="47" count="2" type="stmt"/>
        <line num="48" count="2" type="stmt"/>
        <line num="51" count="1" type="stmt"/>
        <line num="58" count="1" type="stmt"/>
        <line num="59" count="1" type="stmt"/>
        <line num="66" count="1" type="cond" truecount="1" falsecount="1"/>
        <line num="67" count="1" type="stmt"/>
        <line num="68" count="1" type="stmt"/>
        <line num="70" count="1" type="stmt"/>
      </file>
    </package>
    <package name="store">
      <metrics statements="19" coveredstatements="18" conditionals="0" coveredconditionals="0" methods="24" coveredmethods="23"/>
      <file name="appStore.ts" path="/Users/matthewhans/Desktop/Programming/interdim-cable/viewer/src/store/appStore.ts">
        <metrics statements="19" coveredstatements="18" conditionals="0" coveredconditionals="0" methods="24" coveredmethods="23"/>
        <line num="65" count="3" type="stmt"/>
        <line num="67" count="3" type="stmt"/>
        <line num="93" count="4" type="stmt"/>
        <line num="94" count="2" type="stmt"/>
        <line num="95" count="11" type="stmt"/>
        <line num="96" count="2" type="stmt"/>
        <line num="97" count="5" type="stmt"/>
        <line num="98" count="1" type="stmt"/>
        <line num="100" count="1" type="stmt"/>
        <line num="101" count="1" type="stmt"/>
        <line num="103" count="4" type="stmt"/>
        <line num="105" count="1" type="stmt"/>
        <line num="106" count="3" type="stmt"/>
        <line num="107" count="3" type="stmt"/>
        <line num="108" count="2" type="stmt"/>
        <line num="109" count="2" type="stmt"/>
        <line num="111" count="2" type="stmt"/>
        <line num="112" count="0" type="stmt"/>
        <line num="116" count="147" type="stmt"/>
      </file>
    </package>
  </project>
</coverage>
