{"/Users/matthewhans/Desktop/Programming/interdim-cable/viewer/src/components/VideoPlayer/index.tsx": {"path":"/Users/matthewhans/Desktop/Programming/interdim-cable/viewer/src/components/VideoPlayer/index.tsx","statementMap":{"0":{"start":{"line":20,"column":7},"end":{"line":20,"column":null}},"1":{"start":{"line":21,"column":35},"end":{"line":21,"column":null}},"2":{"start":{"line":22,"column":37},"end":{"line":22,"column":null}},"3":{"start":{"line":23,"column":43},"end":{"line":23,"column":null}},"4":{"start":{"line":33,"column":1},"end":{"line":33,"column":null}},"5":{"start":{"line":37,"column":1},"end":{"line":47,"column":null}},"6":{"start":{"line":38,"column":2},"end":{"line":38,"column":null}},"7":{"start":{"line":39,"column":2},"end":{"line":39,"column":null}},"8":{"start":{"line":41,"column":16},"end":{"line":44,"column":null}},"9":{"start":{"line":42,"column":3},"end":{"line":42,"column":null}},"10":{"start":{"line":43,"column":3},"end":{"line":43,"column":null}},"11":{"start":{"line":43,"column":20},"end":{"line":43,"column":43}},"12":{"start":{"line":46,"column":2},"end":{"line":46,"column":null}},"13":{"start":{"line":46,"column":15},"end":{"line":46,"column":null}},"14":{"start":{"line":51,"column":1},"end":{"line":143,"column":null}},"15":{"start":{"line":52,"column":2},"end":{"line":52,"column":null}},"16":{"start":{"line":52,"column":26},"end":{"line":52,"column":null}},"17":{"start":{"line":54,"column":23},"end":{"line":135,"column":null}},"18":{"start":{"line":55,"column":3},"end":{"line":134,"column":null}},"19":{"start":{"line":58,"column":10},"end":{"line":58,"column":null}},"20":{"start":{"line":59,"column":4},"end":{"line":61,"column":null}},"21":{"start":{"line":60,"column":5},"end":{"line":60,"column":null}},"22":{"start":{"line":64,"column":4},"end":{"line":64,"column":null}},"23":{"start":{"line":67,"column":4},"end":{"line":74,"column":null}},"24":{"start":{"line":68,"column":5},"end":{"line":68,"column":null}},"25":{"start":{"line":71,"column":5},"end":{"line":73,"column":null}},"26":{"start":{"line":77,"column":4},"end":{"line":77,"column":null}},"27":{"start":{"line":78,"column":19},"end":{"line":78,"column":null}},"28":{"start":{"line":80,"column":4},"end":{"line":82,"column":null}},"29":{"start":{"line":81,"column":5},"end":{"line":81,"column":null}},"30":{"start":{"line":85,"column":22},"end":{"line":85,"column":null}},"31":{"start":{"line":87,"column":4},"end":{"line":89,"column":null}},"32":{"start":{"line":88,"column":5},"end":{"line":88,"column":null}},"33":{"start":{"line":91,"column":4},"end":{"line":91,"column":null}},"34":{"start":{"line":92,"column":4},"end":{"line":92,"column":null}},"35":{"start":{"line":93,"column":4},"end":{"line":93,"column":null}},"36":{"start":{"line":96,"column":4},"end":{"line":98,"column":null}},"37":{"start":{"line":97,"column":5},"end":{"line":97,"column":null}},"38":{"start":{"line":102,"column":4},"end":{"line":102,"column":null}},"39":{"start":{"line":105,"column":4},"end":{"line":105,"column":null}},"40":{"start":{"line":108,"column":26},"end":{"line":123,"column":null}},"41":{"start":{"line":109,"column":5},"end":{"line":114,"column":null}},"42":{"start":{"line":117,"column":5},"end":{"line":122,"column":null}},"43":{"start":{"line":121,"column":6},"end":{"line":121,"column":null}},"44":{"start":{"line":125,"column":4},"end":{"line":127,"column":null}},"45":{"start":{"line":126,"column":5},"end":{"line":126,"column":null}},"46":{"start":{"line":129,"column":4},"end":{"line":129,"column":null}},"47":{"start":{"line":130,"column":4},"end":{"line":132,"column":null}},"48":{"start":{"line":133,"column":4},"end":{"line":133,"column":null}},"49":{"start":{"line":137,"column":2},"end":{"line":137,"column":null}},"50":{"start":{"line":139,"column":2},"end":{"line":142,"column":null}},"51":{"start":{"line":140,"column":3},"end":{"line":140,"column":null}},"52":{"start":{"line":141,"column":3},"end":{"line":141,"column":null}},"53":{"start":{"line":145,"column":1},"end":{"line":172,"column":null}}},"fnMap":{"0":{"name":"VideoPlayer","decl":{"start":{"line":19,"column":24},"end":{"line":19,"column":38}},"loc":{"start":{"line":19,"column":38},"end":{"line":174,"column":null}},"line":19},"1":{"name":"(anonymous_1)","decl":{"start":{"line":37,"column":11},"end":{"line":37,"column":17}},"loc":{"start":{"line":37,"column":17},"end":{"line":47,"column":4}},"line":37},"2":{"name":"(anonymous_2)","decl":{"start":{"line":41,"column":27},"end":{"line":41,"column":33}},"loc":{"start":{"line":41,"column":33},"end":{"line":44,"column":5}},"line":41},"3":{"name":"(anonymous_3)","decl":{"start":{"line":43,"column":14},"end":{"line":43,"column":20}},"loc":{"start":{"line":43,"column":20},"end":{"line":43,"column":43}},"line":43},"4":{"name":"(anonymous_4)","decl":{"start":{"line":46,"column":9},"end":{"line":46,"column":15}},"loc":{"start":{"line":46,"column":15},"end":{"line":46,"column":null}},"line":46},"5":{"name":"(anonymous_5)","decl":{"start":{"line":51,"column":11},"end":{"line":51,"column":17}},"loc":{"start":{"line":51,"column":17},"end":{"line":143,"column":4}},"line":51},"6":{"name":"(anonymous_6)","decl":{"start":{"line":54,"column":23},"end":{"line":54,"column":35}},"loc":{"start":{"line":54,"column":35},"end":{"line":135,"column":null}},"line":54},"7":{"name":"(anonymous_7)","decl":{"start":{"line":67,"column":17},"end":{"line":67,"column":18}},"loc":{"start":{"line":67,"column":28},"end":{"line":74,"column":5}},"line":67},"8":{"name":"(anonymous_8)","decl":{"start":{"line":96,"column":29},"end":{"line":96,"column":30}},"loc":{"start":{"line":96,"column":42},"end":{"line":98,"column":5}},"line":96},"9":{"name":"(anonymous_9)","decl":{"start":{"line":108,"column":38},"end":{"line":108,"column":44}},"loc":{"start":{"line":108,"column":44},"end":{"line":123,"column":7}},"line":108},"10":{"name":"(anonymous_10)","decl":{"start":{"line":125,"column":11},"end":{"line":125,"column":17}},"loc":{"start":{"line":125,"column":17},"end":{"line":127,"column":null}},"line":125},"11":{"name":"(anonymous_11)","decl":{"start":{"line":139,"column":9},"end":{"line":139,"column":15}},"loc":{"start":{"line":139,"column":15},"end":{"line":142,"column":null}},"line":139}},"branchMap":{"0":{"loc":{"start":{"line":52,"column":2},"end":{"line":52,"column":null}},"type":"if","locations":[{"start":{"line":52,"column":2},"end":{"line":52,"column":null}},{"start":{},"end":{}}],"line":52},"1":{"loc":{"start":{"line":59,"column":4},"end":{"line":61,"column":null}},"type":"if","locations":[{"start":{"line":59,"column":4},"end":{"line":61,"column":null}},{"start":{},"end":{}}],"line":59},"2":{"loc":{"start":{"line":80,"column":4},"end":{"line":82,"column":null}},"type":"if","locations":[{"start":{"line":80,"column":4},"end":{"line":82,"column":null}},{"start":{},"end":{}}],"line":80},"3":{"loc":{"start":{"line":87,"column":4},"end":{"line":89,"column":null}},"type":"if","locations":[{"start":{"line":87,"column":4},"end":{"line":89,"column":null}},{"start":{},"end":{}}],"line":87},"4":{"loc":{"start":{"line":117,"column":5},"end":{"line":122,"column":null}},"type":"if","locations":[{"start":{"line":117,"column":5},"end":{"line":122,"column":null}},{"start":{},"end":{}}],"line":117},"5":{"loc":{"start":{"line":118,"column":6},"end":{"line":119,"column":null}},"type":"binary-expr","locations":[{"start":{"line":118,"column":6},"end":{"line":118,"column":null}},{"start":{"line":119,"column":6},"end":{"line":119,"column":null}}],"line":118},"6":{"loc":{"start":{"line":131,"column":5},"end":{"line":131,"column":null}},"type":"cond-expr","locations":[{"start":{"line":131,"column":30},"end":{"line":131,"column":46}},{"start":{"line":131,"column":46},"end":{"line":131,"column":null}}],"line":131},"7":{"loc":{"start":{"line":146,"column":34},"end":{"line":146,"column":66}},"type":"cond-expr","locations":[{"start":{"line":146,"column":49},"end":{"line":146,"column":64}},{"start":{"line":146,"column":64},"end":{"line":146,"column":66}}],"line":146},"8":{"loc":{"start":{"line":155,"column":31},"end":{"line":155,"column":59}},"type":"cond-expr","locations":[{"start":{"line":155,"column":45},"end":{"line":155,"column":57}},{"start":{"line":155,"column":57},"end":{"line":155,"column":59}}],"line":155},"9":{"loc":{"start":{"line":155,"column":63},"end":{"line":155,"column":93}},"type":"cond-expr","locations":[{"start":{"line":155,"column":78},"end":{"line":155,"column":91}},{"start":{"line":155,"column":91},"end":{"line":155,"column":93}}],"line":155},"10":{"loc":{"start":{"line":160,"column":4},"end":{"line":160,"column":null}},"type":"binary-expr","locations":[{"start":{"line":160,"column":4},"end":{"line":160,"column":37}},{"start":{"line":160,"column":37},"end":{"line":160,"column":null}}],"line":160},"11":{"loc":{"start":{"line":162,"column":4},"end":{"line":168,"column":null}},"type":"binary-expr","locations":[{"start":{"line":162,"column":4},"end":{"line":162,"column":null}},{"start":{"line":163,"column":4},"end":{"line":168,"column":null}}],"line":162}},"s":{"0":64,"1":64,"2":64,"3":64,"4":64,"5":64,"6":29,"7":29,"8":29,"9":3,"10":3,"11":1,"12":29,"13":29,"14":64,"15":29,"16":0,"17":29,"18":29,"19":29,"20":29,"21":2,"22":27,"23":27,"24":2,"25":2,"26":27,"27":27,"28":27,"29":1,"30":26,"31":26,"32":1,"33":25,"34":25,"35":25,"36":25,"37":0,"38":25,"39":25,"40":25,"41":57,"42":57,"43":2,"44":25,"45":0,"46":4,"47":4,"48":4,"49":29,"50":29,"51":29,"52":29,"53":64},"f":{"0":64,"1":29,"2":3,"3":1,"4":29,"5":29,"6":29,"7":2,"8":0,"9":57,"10":0,"11":29},"b":{"0":[0,29],"1":[2,27],"2":[1,26],"3":[1,25],"4":[2,55],"5":[57,19],"6":[4,0],"7":[2,61],"8":[34,29],"9":[31,32],"10":[64,8],"11":[64,4]},"meta":{"lastBranch":12,"lastFunction":12,"lastStatement":54,"seen":{"f:19:24:19:38":0,"s:20:7:20:Infinity":0,"s:21:35:21:Infinity":1,"s:22:37:22:Infinity":2,"s:23:43:23:Infinity":3,"s:33:1:33:Infinity":4,"s:37:1:47:Infinity":5,"f:37:11:37:17":1,"s:38:2:38:Infinity":6,"s:39:2:39:Infinity":7,"s:41:16:44:Infinity":8,"f:41:27:41:33":2,"s:42:3:42:Infinity":9,"s:43:3:43:Infinity":10,"f:43:14:43:20":3,"s:43:20:43:43":11,"s:46:2:46:Infinity":12,"f:46:9:46:15":4,"s:46:15:46:Infinity":13,"s:51:1:143:Infinity":14,"f:51:11:51:17":5,"b:52:2:52:Infinity:undefined:undefined:undefined:undefined":0,"s:52:2:52:Infinity":15,"s:52:26:52:Infinity":16,"s:54:23:135:Infinity":17,"f:54:23:54:35":6,"s:55:3:134:Infinity":18,"s:58:10:58:Infinity":19,"b:59:4:61:Infinity:undefined:undefined:undefined:undefined":1,"s:59:4:61:Infinity":20,"s:60:5:60:Infinity":21,"s:64:4:64:Infinity":22,"s:67:4:74:Infinity":23,"f:67:17:67:18":7,"s:68:5:68:Infinity":24,"s:71:5:73:Infinity":25,"s:77:4:77:Infinity":26,"s:78:19:78:Infinity":27,"b:80:4:82:Infinity:undefined:undefined:undefined:undefined":2,"s:80:4:82:Infinity":28,"s:81:5:81:Infinity":29,"s:85:22:85:Infinity":30,"b:87:4:89:Infinity:undefined:undefined:undefined:undefined":3,"s:87:4:89:Infinity":31,"s:88:5:88:Infinity":32,"s:91:4:91:Infinity":33,"s:92:4:92:Infinity":34,"s:93:4:93:Infinity":35,"s:96:4:98:Infinity":36,"f:96:29:96:30":8,"s:97:5:97:Infinity":37,"s:102:4:102:Infinity":38,"s:105:4:105:Infinity":39,"s:108:26:123:Infinity":40,"f:108:38:108:44":9,"s:109:5:114:Infinity":41,"b:117:5:122:Infinity:undefined:undefined:undefined:undefined":4,"s:117:5:122:Infinity":42,"b:118:6:118:Infinity:119:6:119:Infinity":5,"s:121:6:121:Infinity":43,"s:125:4:127:Infinity":44,"f:125:11:125:17":10,"s:126:5:126:Infinity":45,"s:129:4:129:Infinity":46,"s:130:4:132:Infinity":47,"b:131:30:131:46:131:46:131:Infinity":6,"s:133:4:133:Infinity":48,"s:137:2:137:Infinity":49,"s:139:2:142:Infinity":50,"f:139:9:139:15":11,"s:140:3:140:Infinity":51,"s:141:3:141:Infinity":52,"s:145:1:172:Infinity":53,"b:146:49:146:64:146:64:146:66":7,"b:155:45:155:57:155:57:155:59":8,"b:155:78:155:91:155:91:155:93":9,"b:160:4:160:37:160:37:160:Infinity":10,"b:162:4:162:Infinity:163:4:168:Infinity":11}}}
,"/Users/matthewhans/Desktop/Programming/interdim-cable/viewer/src/hooks/useKeyboardShortcuts.ts": {"path":"/Users/matthewhans/Desktop/Programming/interdim-cable/viewer/src/hooks/useKeyboardShortcuts.ts","statementMap":{"0":{"start":{"line":7,"column":1},"end":{"line":67,"column":null}},"1":{"start":{"line":8,"column":25},"end":{"line":63,"column":null}},"2":{"start":{"line":9,"column":17},"end":{"line":9,"column":null}},"3":{"start":{"line":12,"column":3},"end":{"line":17,"column":null}},"4":{"start":{"line":16,"column":4},"end":{"line":16,"column":null}},"5":{"start":{"line":19,"column":3},"end":{"line":62,"column":null}},"6":{"start":{"line":21,"column":5},"end":{"line":21,"column":null}},"7":{"start":{"line":22,"column":5},"end":{"line":24,"column":null}},"8":{"start":{"line":25,"column":5},"end":{"line":25,"column":null}},"9":{"start":{"line":27,"column":5},"end":{"line":27,"column":null}},"10":{"start":{"line":28,"column":5},"end":{"line":28,"column":null}},"11":{"start":{"line":30,"column":5},"end":{"line":30,"column":null}},"12":{"start":{"line":31,"column":5},"end":{"line":31,"column":null}},"13":{"start":{"line":33,"column":5},"end":{"line":33,"column":null}},"14":{"start":{"line":34,"column":5},"end":{"line":34,"column":null}},"15":{"start":{"line":36,"column":5},"end":{"line":36,"column":null}},"16":{"start":{"line":36,"column":29},"end":{"line":36,"column":null}},"17":{"start":{"line":37,"column":5},"end":{"line":37,"column":null}},"18":{"start":{"line":37,"column":28},"end":{"line":37,"column":null}},"19":{"start":{"line":38,"column":5},"end":{"line":38,"column":null}},"20":{"start":{"line":38,"column":29},"end":{"line":38,"column":null}},"21":{"start":{"line":39,"column":5},"end":{"line":39,"column":null}},"22":{"start":{"line":42,"column":5},"end":{"line":45,"column":null}},"23":{"start":{"line":46,"column":5},"end":{"line":46,"column":null}},"24":{"start":{"line":49,"column":5},"end":{"line":52,"column":null}},"25":{"start":{"line":53,"column":5},"end":{"line":53,"column":null}},"26":{"start":{"line":56,"column":5},"end":{"line":56,"column":null}},"27":{"start":{"line":57,"column":5},"end":{"line":57,"column":null}},"28":{"start":{"line":60,"column":5},"end":{"line":60,"column":null}},"29":{"start":{"line":61,"column":5},"end":{"line":61,"column":null}},"30":{"start":{"line":65,"column":2},"end":{"line":65,"column":null}},"31":{"start":{"line":66,"column":2},"end":{"line":66,"column":null}},"32":{"start":{"line":66,"column":15},"end":{"line":66,"column":null}}},"fnMap":{"0":{"name":"useKeyboardShortcuts","decl":{"start":{"line":6,"column":16},"end":{"line":6,"column":39}},"loc":{"start":{"line":6,"column":39},"end":{"line":68,"column":null}},"line":6},"1":{"name":"(anonymous_1)","decl":{"start":{"line":7,"column":11},"end":{"line":7,"column":17}},"loc":{"start":{"line":7,"column":17},"end":{"line":67,"column":4}},"line":7},"2":{"name":"(anonymous_2)","decl":{"start":{"line":8,"column":25},"end":{"line":8,"column":26}},"loc":{"start":{"line":8,"column":47},"end":{"line":63,"column":null}},"line":8},"3":{"name":"(anonymous_3)","decl":{"start":{"line":66,"column":9},"end":{"line":66,"column":15}},"loc":{"start":{"line":66,"column":15},"end":{"line":66,"column":null}},"line":66}},"branchMap":{"0":{"loc":{"start":{"line":12,"column":3},"end":{"line":17,"column":null}},"type":"if","locations":[{"start":{"line":12,"column":3},"end":{"line":17,"column":null}},{"start":{},"end":{}}],"line":12},"1":{"loc":{"start":{"line":13,"column":4},"end":{"line":14,"column":null}},"type":"binary-expr","locations":[{"start":{"line":13,"column":4},"end":{"line":13,"column":null}},{"start":{"line":14,"column":4},"end":{"line":14,"column":null}}],"line":13},"2":{"loc":{"start":{"line":19,"column":3},"end":{"line":62,"column":null}},"type":"switch","locations":[{"start":{"line":20,"column":4},"end":{"line":25,"column":null}},{"start":{"line":26,"column":4},"end":{"line":28,"column":null}},{"start":{"line":29,"column":4},"end":{"line":31,"column":null}},{"start":{"line":32,"column":4},"end":{"line":34,"column":null}},{"start":{"line":35,"column":4},"end":{"line":39,"column":null}},{"start":{"line":40,"column":4},"end":{"line":46,"column":null}},{"start":{"line":47,"column":4},"end":{"line":53,"column":null}},{"start":{"line":54,"column":4},"end":{"line":57,"column":null}},{"start":{"line":58,"column":4},"end":{"line":61,"column":null}}],"line":19},"3":{"loc":{"start":{"line":23,"column":6},"end":{"line":23,"column":null}},"type":"cond-expr","locations":[{"start":{"line":23,"column":42},"end":{"line":23,"column":53}},{"start":{"line":23,"column":53},"end":{"line":23,"column":null}}],"line":23},"4":{"loc":{"start":{"line":36,"column":5},"end":{"line":36,"column":null}},"type":"if","locations":[{"start":{"line":36,"column":5},"end":{"line":36,"column":null}},{"start":{},"end":{}}],"line":36},"5":{"loc":{"start":{"line":37,"column":5},"end":{"line":37,"column":null}},"type":"if","locations":[{"start":{"line":37,"column":5},"end":{"line":37,"column":null}},{"start":{},"end":{}}],"line":37},"6":{"loc":{"start":{"line":38,"column":5},"end":{"line":38,"column":null}},"type":"if","locations":[{"start":{"line":38,"column":5},"end":{"line":38,"column":null}},{"start":{},"end":{}}],"line":38}},"s":{"0":20,"1":20,"2":19,"3":19,"4":2,"5":17,"6":3,"7":3,"8":3,"9":2,"10":2,"11":1,"12":1,"13":1,"14":1,"15":2,"16":1,"17":2,"18":1,"19":2,"20":1,"21":2,"22":2,"23":2,"24":2,"25":2,"26":2,"27":2,"28":2,"29":2,"30":20,"31":20,"32":20},"f":{"0":20,"1":20,"2":19,"3":20},"b":{"0":[2,17],"1":[19,18],"2":[17,2,1,1,2,2,2,2,2],"3":[1,2],"4":[1,1],"5":[1,1],"6":[1,1]},"meta":{"lastBranch":7,"lastFunction":4,"lastStatement":33,"seen":{"f:6:16:6:39":0,"s:7:1:67:Infinity":0,"f:7:11:7:17":1,"s:8:25:63:Infinity":1,"f:8:25:8:26":2,"s:9:17:9:Infinity":2,"b:12:3:17:Infinity:undefined:undefined:undefined:undefined":0,"s:12:3:17:Infinity":3,"b:13:4:13:Infinity:14:4:14:Infinity":1,"s:16:4:16:Infinity":4,"b:20:4:25:Infinity:26:4:28:Infinity:29:4:31:Infinity:32:4:34:Infinity:35:4:39:Infinity:40:4:46:Infinity:47:4:53:Infinity:54:4:57:Infinity:58:4:61:Infinity":2,"s:19:3:62:Infinity":5,"s:21:5:21:Infinity":6,"s:22:5:24:Infinity":7,"b:23:42:23:53:23:53:23:Infinity":3,"s:25:5:25:Infinity":8,"s:27:5:27:Infinity":9,"s:28:5:28:Infinity":10,"s:30:5:30:Infinity":11,"s:31:5:31:Infinity":12,"s:33:5:33:Infinity":13,"s:34:5:34:Infinity":14,"b:36:5:36:Infinity:undefined:undefined:undefined:undefined":4,"s:36:5:36:Infinity":15,"s:36:29:36:Infinity":16,"b:37:5:37:Infinity:undefined:undefined:undefined:undefined":5,"s:37:5:37:Infinity":17,"s:37:28:37:Infinity":18,"b:38:5:38:Infinity:undefined:undefined:undefined:undefined":6,"s:38:5:38:Infinity":19,"s:38:29:38:Infinity":20,"s:39:5:39:Infinity":21,"s:42:5:45:Infinity":22,"s:46:5:46:Infinity":23,"s:49:5:52:Infinity":24,"s:53:5:53:Infinity":25,"s:56:5:56:Infinity":26,"s:57:5:57:Infinity":27,"s:60:5:60:Infinity":28,"s:61:5:61:Infinity":29,"s:65:2:65:Infinity":30,"s:66:2:66:Infinity":31,"f:66:9:66:15":3,"s:66:15:66:Infinity":32}}}
,"/Users/matthewhans/Desktop/Programming/interdim-cable/viewer/src/services/p2p.ts": {"path":"/Users/matthewhans/Desktop/Programming/interdim-cable/viewer/src/services/p2p.ts","statementMap":{"0":{"start":{"line":23,"column":67},"end":{"line":23,"column":null}},"1":{"start":{"line":24,"column":40},"end":{"line":24,"column":null}},"2":{"start":{"line":25,"column":18},"end":{"line":25,"column":null}},"3":{"start":{"line":32,"column":1},"end":{"line":55,"column":null}},"4":{"start":{"line":34,"column":17},"end":{"line":34,"column":null}},"5":{"start":{"line":35,"column":2},"end":{"line":35,"column":null}},"6":{"start":{"line":37,"column":2},"end":{"line":37,"column":null}},"7":{"start":{"line":39,"column":2},"end":{"line":54,"column":null}},"8":{"start":{"line":74,"column":1},"end":{"line":87,"column":null}},"9":{"start":{"line":75,"column":2},"end":{"line":75,"column":null}},"10":{"start":{"line":81,"column":2},"end":{"line":81,"column":null}},"11":{"start":{"line":82,"column":2},"end":{"line":82,"column":null}},"12":{"start":{"line":84,"column":2},"end":{"line":84,"column":null}},"13":{"start":{"line":85,"column":2},"end":{"line":85,"column":null}},"14":{"start":{"line":86,"column":2},"end":{"line":86,"column":null}},"15":{"start":{"line":94,"column":1},"end":{"line":94,"column":null}},"16":{"start":{"line":101,"column":1},"end":{"line":101,"column":null}},"17":{"start":{"line":102,"column":1},"end":{"line":105,"column":null}},"18":{"start":{"line":103,"column":2},"end":{"line":103,"column":null}},"19":{"start":{"line":104,"column":2},"end":{"line":104,"column":null}},"20":{"start":{"line":106,"column":1},"end":{"line":106,"column":null}},"21":{"start":{"line":113,"column":1},"end":{"line":113,"column":null}},"22":{"start":{"line":121,"column":1},"end":{"line":124,"column":null}},"23":{"start":{"line":122,"column":2},"end":{"line":122,"column":null}},"24":{"start":{"line":123,"column":2},"end":{"line":123,"column":null}},"25":{"start":{"line":126,"column":18},"end":{"line":126,"column":null}},"26":{"start":{"line":127,"column":13},"end":{"line":127,"column":null}},"27":{"start":{"line":129,"column":1},"end":{"line":143,"column":null}},"28":{"start":{"line":130,"column":2},"end":{"line":142,"column":null}},"29":{"start":{"line":132,"column":36},"end":{"line":138,"column":null}},"30":{"start":{"line":140,"column":3},"end":{"line":140,"column":null}},"31":{"start":{"line":141,"column":3},"end":{"line":141,"column":null}}},"fnMap":{"0":{"name":"discoverRelays","decl":{"start":{"line":31,"column":22},"end":{"line":31,"column":61}},"loc":{"start":{"line":31,"column":61},"end":{"line":56,"column":null}},"line":31},"1":{"name":"connectToRelay","decl":{"start":{"line":73,"column":22},"end":{"line":73,"column":37}},"loc":{"start":{"line":73,"column":73},"end":{"line":88,"column":null}},"line":73},"2":{"name":"onVideoChunk","decl":{"start":{"line":93,"column":16},"end":{"line":93,"column":29}},"loc":{"start":{"line":93,"column":78},"end":{"line":95,"column":null}},"line":93},"3":{"name":"disconnect","decl":{"start":{"line":100,"column":16},"end":{"line":100,"column":35}},"loc":{"start":{"line":100,"column":35},"end":{"line":107,"column":null}},"line":100},"4":{"name":"getConnectionStatus","decl":{"start":{"line":112,"column":16},"end":{"line":112,"column":47}},"loc":{"start":{"line":112,"column":47},"end":{"line":114,"column":null}},"line":112},"5":{"name":"startMockVideoStream","decl":{"start":{"line":120,"column":16},"end":{"line":120,"column":37}},"loc":{"start":{"line":120,"column":63},"end":{"line":144,"column":null}},"line":120},"6":{"name":"(anonymous_6)","decl":{"start":{"line":129,"column":41},"end":{"line":129,"column":47}},"loc":{"start":{"line":129,"column":47},"end":{"line":143,"column":4}},"line":129}},"branchMap":{"0":{"loc":{"start":{"line":102,"column":1},"end":{"line":105,"column":null}},"type":"if","locations":[{"start":{"line":102,"column":1},"end":{"line":105,"column":null}},{"start":{},"end":{}}],"line":102},"1":{"loc":{"start":{"line":121,"column":1},"end":{"line":124,"column":null}},"type":"if","locations":[{"start":{"line":121,"column":1},"end":{"line":124,"column":null}},{"start":{},"end":{}}],"line":121},"2":{"loc":{"start":{"line":130,"column":2},"end":{"line":142,"column":null}},"type":"if","locations":[{"start":{"line":130,"column":2},"end":{"line":142,"column":null}},{"start":{},"end":{}}],"line":130},"3":{"loc":{"start":{"line":130,"column":6},"end":{"line":130,"column":40}},"type":"binary-expr","locations":[{"start":{"line":130,"column":6},"end":{"line":130,"column":27}},{"start":{"line":130,"column":27},"end":{"line":130,"column":40}}],"line":130}},"s":{"0":1,"1":1,"2":1,"3":2,"4":2,"5":2,"6":0,"7":0,"8":1,"9":1,"10":1,"11":1,"12":0,"13":0,"14":0,"15":0,"16":0,"17":0,"18":0,"19":0,"20":0,"21":0,"22":0,"23":0,"24":0,"25":0,"26":0,"27":0,"28":0,"29":0,"30":0,"31":0},"f":{"0":2,"1":1,"2":0,"3":0,"4":0,"5":0,"6":0},"b":{"0":[0,0],"1":[0,0],"2":[0,0],"3":[0,0]},"meta":{"lastBranch":4,"lastFunction":7,"lastStatement":32,"seen":{"s:23:67:23:Infinity":0,"s:24:40:24:Infinity":1,"s:25:18:25:Infinity":2,"f:31:22:31:61":0,"s:32:1:55:Infinity":3,"s:34:17:34:Infinity":4,"s:35:2:35:Infinity":5,"s:37:2:37:Infinity":6,"s:39:2:54:Infinity":7,"f:73:22:73:37":1,"s:74:1:87:Infinity":8,"s:75:2:75:Infinity":9,"s:81:2:81:Infinity":10,"s:82:2:82:Infinity":11,"s:84:2:84:Infinity":12,"s:85:2:85:Infinity":13,"s:86:2:86:Infinity":14,"f:93:16:93:29":2,"s:94:1:94:Infinity":15,"f:100:16:100:35":3,"s:101:1:101:Infinity":16,"b:102:1:105:Infinity:undefined:undefined:undefined:undefined":0,"s:102:1:105:Infinity":17,"s:103:2:103:Infinity":18,"s:104:2:104:Infinity":19,"s:106:1:106:Infinity":20,"f:112:16:112:47":4,"s:113:1:113:Infinity":21,"f:120:16:120:37":5,"b:121:1:124:Infinity:undefined:undefined:undefined:undefined":1,"s:121:1:124:Infinity":22,"s:122:2:122:Infinity":23,"s:123:2:123:Infinity":24,"s:126:18:126:Infinity":25,"s:127:13:127:Infinity":26,"s:129:1:143:Infinity":27,"f:129:41:129:47":6,"b:130:2:142:Infinity:undefined:undefined:undefined:undefined":2,"s:130:2:142:Infinity":28,"b:130:6:130:27:130:27:130:40":3,"s:132:36:138:Infinity":29,"s:140:3:140:Infinity":30,"s:141:3:141:Infinity":31}}}
,"/Users/matthewhans/Desktop/Programming/interdim-cable/viewer/src/services/videoBuffer.ts": {"path":"/Users/matthewhans/Desktop/Programming/interdim-cable/viewer/src/services/videoBuffer.ts","statementMap":{"0":{"start":{"line":11,"column":32},"end":{"line":11,"column":null}},"1":{"start":{"line":12,"column":37},"end":{"line":12,"column":null}},"2":{"start":{"line":13,"column":34},"end":{"line":13,"column":null}},"3":{"start":{"line":17,"column":2},"end":{"line":17,"column":null}},"4":{"start":{"line":25,"column":2},"end":{"line":28,"column":null}},"5":{"start":{"line":27,"column":3},"end":{"line":27,"column":null}},"6":{"start":{"line":29,"column":2},"end":{"line":29,"column":null}},"7":{"start":{"line":30,"column":2},"end":{"line":30,"column":null}},"8":{"start":{"line":30,"column":29},"end":{"line":30,"column":58}},"9":{"start":{"line":37,"column":2},"end":{"line":37,"column":null}},"10":{"start":{"line":44,"column":2},"end":{"line":44,"column":null}},"11":{"start":{"line":52,"column":2},"end":{"line":52,"column":null}},"12":{"start":{"line":52,"column":21},"end":{"line":52,"column":null}},"13":{"start":{"line":53,"column":2},"end":{"line":53,"column":null}},"14":{"start":{"line":60,"column":2},"end":{"line":60,"column":null}},"15":{"start":{"line":65,"column":36},"end":{"line":65,"column":null}},"16":{"start":{"line":66,"column":53},"end":{"line":66,"column":null}},"17":{"start":{"line":72,"column":16},"end":{"line":72,"column":null}},"18":{"start":{"line":73,"column":2},"end":{"line":73,"column":null}},"19":{"start":{"line":76,"column":2},"end":{"line":78,"column":null}},"20":{"start":{"line":77,"column":3},"end":{"line":77,"column":null}},"21":{"start":{"line":80,"column":2},"end":{"line":80,"column":null}},"22":{"start":{"line":88,"column":3},"end":{"line":89,"column":null}},"23":{"start":{"line":88,"column":40},"end":{"line":88,"column":47}},"24":{"start":{"line":91,"column":2},"end":{"line":104,"column":null}},"25":{"start":{"line":92,"column":3},"end":{"line":92,"column":null}},"26":{"start":{"line":93,"column":3},"end":{"line":93,"column":null}},"27":{"start":{"line":94,"column":2},"end":{"line":104,"column":null}},"28":{"start":{"line":99,"column":3},"end":{"line":99,"column":null}},"29":{"start":{"line":100,"column":3},"end":{"line":100,"column":null}},"30":{"start":{"line":101,"column":2},"end":{"line":104,"column":null}},"31":{"start":{"line":102,"column":3},"end":{"line":102,"column":null}},"32":{"start":{"line":103,"column":3},"end":{"line":103,"column":null}},"33":{"start":{"line":111,"column":2},"end":{"line":111,"column":null}}},"fnMap":{"0":{"name":"(anonymous_0)","decl":{"start":{"line":16,"column":1},"end":{"line":16,"column":13}},"loc":{"start":{"line":16,"column":23},"end":{"line":18,"column":null}},"line":16},"1":{"name":"(anonymous_1)","decl":{"start":{"line":23,"column":1},"end":{"line":23,"column":10}},"loc":{"start":{"line":23,"column":35},"end":{"line":31,"column":null}},"line":23},"2":{"name":"(anonymous_2)","decl":{"start":{"line":30,"column":19},"end":{"line":30,"column":20}},"loc":{"start":{"line":30,"column":29},"end":{"line":30,"column":58}},"line":30},"3":{"name":"(anonymous_3)","decl":{"start":{"line":36,"column":1},"end":{"line":36,"column":35}},"loc":{"start":{"line":36,"column":35},"end":{"line":38,"column":null}},"line":36},"4":{"name":"(anonymous_4)","decl":{"start":{"line":43,"column":1},"end":{"line":43,"column":26}},"loc":{"start":{"line":43,"column":26},"end":{"line":45,"column":null}},"line":43},"5":{"name":"(anonymous_5)","decl":{"start":{"line":50,"column":1},"end":{"line":50,"column":30}},"loc":{"start":{"line":50,"column":30},"end":{"line":54,"column":null}},"line":50},"6":{"name":"(anonymous_6)","decl":{"start":{"line":59,"column":1},"end":{"line":59,"column":15}},"loc":{"start":{"line":59,"column":15},"end":{"line":61,"column":null}},"line":59},"7":{"name":"(anonymous_7)","decl":{"start":{"line":71,"column":1},"end":{"line":71,"column":21}},"loc":{"start":{"line":71,"column":62},"end":{"line":81,"column":null}},"line":71},"8":{"name":"(anonymous_8)","decl":{"start":{"line":86,"column":9},"end":{"line":86,"column":31}},"loc":{"start":{"line":86,"column":31},"end":{"line":105,"column":null}},"line":86},"9":{"name":"(anonymous_9)","decl":{"start":{"line":88,"column":30},"end":{"line":88,"column":31}},"loc":{"start":{"line":88,"column":40},"end":{"line":88,"column":47}},"line":88},"10":{"name":"(anonymous_10)","decl":{"start":{"line":110,"column":1},"end":{"line":110,"column":48}},"loc":{"start":{"line":110,"column":48},"end":{"line":112,"column":null}},"line":110}},"branchMap":{"0":{"loc":{"start":{"line":16,"column":13},"end":{"line":16,"column":23}},"type":"default-arg","locations":[{"start":{"line":16,"column":19},"end":{"line":16,"column":23}}],"line":16},"1":{"loc":{"start":{"line":25,"column":2},"end":{"line":28,"column":null}},"type":"if","locations":[{"start":{"line":25,"column":2},"end":{"line":28,"column":null}},{"start":{},"end":{}}],"line":25},"2":{"loc":{"start":{"line":37,"column":9},"end":{"line":37,"column":null}},"type":"binary-expr","locations":[{"start":{"line":37,"column":9},"end":{"line":37,"column":32}},{"start":{"line":37,"column":32},"end":{"line":37,"column":null}}],"line":37},"3":{"loc":{"start":{"line":52,"column":2},"end":{"line":52,"column":null}},"type":"if","locations":[{"start":{"line":52,"column":2},"end":{"line":52,"column":null}},{"start":{},"end":{}}],"line":52},"4":{"loc":{"start":{"line":76,"column":2},"end":{"line":78,"column":null}},"type":"if","locations":[{"start":{"line":76,"column":2},"end":{"line":78,"column":null}},{"start":{},"end":{}}],"line":76},"5":{"loc":{"start":{"line":91,"column":2},"end":{"line":104,"column":null}},"type":"if","locations":[{"start":{"line":91,"column":2},"end":{"line":104,"column":null}},{"start":{"line":94,"column":2},"end":{"line":104,"column":null}}],"line":91},"6":{"loc":{"start":{"line":91,"column":6},"end":{"line":91,"column":54}},"type":"binary-expr","locations":[{"start":{"line":91,"column":6},"end":{"line":91,"column":22}},{"start":{"line":91,"column":22},"end":{"line":91,"column":54}}],"line":91},"7":{"loc":{"start":{"line":94,"column":2},"end":{"line":104,"column":null}},"type":"if","locations":[{"start":{"line":94,"column":2},"end":{"line":104,"column":null}},{"start":{"line":101,"column":2},"end":{"line":104,"column":null}}],"line":94},"8":{"loc":{"start":{"line":95,"column":3},"end":{"line":97,"column":null}},"type":"binary-expr","locations":[{"start":{"line":95,"column":3},"end":{"line":95,"column":null}},{"start":{"line":96,"column":3},"end":{"line":96,"column":null}},{"start":{"line":97,"column":3},"end":{"line":97,"column":null}}],"line":95},"9":{"loc":{"start":{"line":101,"column":2},"end":{"line":104,"column":null}},"type":"if","locations":[{"start":{"line":101,"column":2},"end":{"line":104,"column":null}},{"start":{},"end":{}}],"line":101},"10":{"loc":{"start":{"line":101,"column":13},"end":{"line":101,"column":63}},"type":"binary-expr","locations":[{"start":{"line":101,"column":13},"end":{"line":101,"column":30}},{"start":{"line":101,"column":30},"end":{"line":101,"column":63}}],"line":101}},"s":{"0":6,"1":6,"2":6,"3":6,"4":173,"5":0,"6":173,"7":173,"8":8273,"9":6,"10":2,"11":2,"12":0,"13":2,"14":1,"15":5,"16":5,"17":36,"18":36,"19":36,"20":11,"21":36,"22":36,"23":210,"24":36,"25":2,"26":2,"27":34,"28":3,"29":3,"30":31,"31":0,"32":0,"33":7},"f":{"0":6,"1":173,"2":8273,"3":6,"4":2,"5":2,"6":1,"7":36,"8":36,"9":210,"10":7},"b":{"0":[6],"1":[0,173],"2":[6,2],"3":[0,2],"4":[11,25],"5":[2,34],"6":[36,8],"7":[3,31],"8":[34,28,22],"9":[0,31],"10":[31,6]},"meta":{"lastBranch":11,"lastFunction":11,"lastStatement":34,"seen":{"s:11:32:11:Infinity":0,"s:12:37:12:Infinity":1,"s:13:34:13:Infinity":2,"f:16:1:16:13":0,"b:16:19:16:23":0,"s:17:2:17:Infinity":3,"f:23:1:23:10":1,"b:25:2:28:Infinity:undefined:undefined:undefined:undefined":1,"s:25:2:28:Infinity":4,"s:27:3:27:Infinity":5,"s:29:2:29:Infinity":6,"s:30:2:30:Infinity":7,"f:30:19:30:20":2,"s:30:29:30:58":8,"f:36:1:36:35":3,"s:37:2:37:Infinity":9,"b:37:9:37:32:37:32:37:Infinity":2,"f:43:1:43:26":4,"s:44:2:44:Infinity":10,"f:50:1:50:30":5,"b:52:2:52:Infinity:undefined:undefined:undefined:undefined":3,"s:52:2:52:Infinity":11,"s:52:21:52:Infinity":12,"s:53:2:53:Infinity":13,"f:59:1:59:15":6,"s:60:2:60:Infinity":14,"s:65:36:65:Infinity":15,"s:66:53:66:Infinity":16,"f:71:1:71:21":7,"s:72:16:72:Infinity":17,"s:73:2:73:Infinity":18,"b:76:2:78:Infinity:undefined:undefined:undefined:undefined":4,"s:76:2:78:Infinity":19,"s:77:3:77:Infinity":20,"s:80:2:80:Infinity":21,"f:86:9:86:31":8,"s:88:3:89:Infinity":22,"f:88:30:88:31":9,"s:88:40:88:47":23,"b:91:2:104:Infinity:94:2:104:Infinity":5,"s:91:2:104:Infinity":24,"b:91:6:91:22:91:22:91:54":6,"s:92:3:92:Infinity":25,"s:93:3:93:Infinity":26,"b:94:2:104:Infinity:101:2:104:Infinity":7,"s:94:2:104:Infinity":27,"b:95:3:95:Infinity:96:3:96:Infinity:97:3:97:Infinity":8,"s:99:3:99:Infinity":28,"s:100:3:100:Infinity":29,"b:101:2:104:Infinity:undefined:undefined:undefined:undefined":9,"s:101:2:104:Infinity":30,"b:101:13:101:30:101:30:101:63":10,"s:102:3:102:Infinity":31,"s:103:3:103:Infinity":32,"f:110:1:110:48":10,"s:111:2:111:Infinity":33}}}
,"/Users/matthewhans/Desktop/Programming/interdim-cable/viewer/src/services/videoPipeline.ts": {"path":"/Users/matthewhans/Desktop/Programming/interdim-cable/viewer/src/services/videoPipeline.ts","statementMap":{"0":{"start":{"line":12,"column":19},"end":{"line":12,"column":null}},"1":{"start":{"line":13,"column":39},"end":{"line":13,"column":null}},"2":{"start":{"line":14,"column":53},"end":{"line":14,"column":null}},"3":{"start":{"line":17,"column":11},"end":{"line":17,"column":null}},"4":{"start":{"line":20,"column":2},"end":{"line":20,"column":null}},"5":{"start":{"line":21,"column":2},"end":{"line":21,"column":null}},"6":{"start":{"line":22,"column":2},"end":{"line":22,"column":null}},"7":{"start":{"line":29,"column":2},"end":{"line":29,"column":null}},"8":{"start":{"line":36,"column":2},"end":{"line":36,"column":null}},"9":{"start":{"line":37,"column":2},"end":{"line":37,"column":null}},"10":{"start":{"line":38,"column":2},"end":{"line":38,"column":null}},"11":{"start":{"line":47,"column":2},"end":{"line":47,"column":null}},"12":{"start":{"line":54,"column":23},"end":{"line":70,"column":null}},"13":{"start":{"line":55,"column":3},"end":{"line":55,"column":null}},"14":{"start":{"line":55,"column":22},"end":{"line":55,"column":null}},"15":{"start":{"line":57,"column":22},"end":{"line":57,"column":null}},"16":{"start":{"line":58,"column":3},"end":{"line":66,"column":null}},"17":{"start":{"line":59,"column":4},"end":{"line":59,"column":null}},"18":{"start":{"line":60,"column":4},"end":{"line":60,"column":null}},"19":{"start":{"line":63,"column":4},"end":{"line":65,"column":null}},"20":{"start":{"line":64,"column":5},"end":{"line":64,"column":null}},"21":{"start":{"line":69,"column":3},"end":{"line":69,"column":null}},"22":{"start":{"line":72,"column":2},"end":{"line":72,"column":null}},"23":{"start":{"line":79,"column":2},"end":{"line":79,"column":null}},"24":{"start":{"line":80,"column":2},"end":{"line":83,"column":null}},"25":{"start":{"line":81,"column":3},"end":{"line":81,"column":null}},"26":{"start":{"line":82,"column":3},"end":{"line":82,"column":null}},"27":{"start":{"line":90,"column":20},"end":{"line":90,"column":null}},"28":{"start":{"line":92,"column":2},"end":{"line":97,"column":null}},"29":{"start":{"line":100,"column":21},"end":{"line":100,"column":null}},"30":{"start":{"line":101,"column":2},"end":{"line":101,"column":null}},"31":{"start":{"line":108,"column":15},"end":{"line":120,"column":null}},"32":{"start":{"line":109,"column":3},"end":{"line":109,"column":null}},"33":{"start":{"line":109,"column":22},"end":{"line":109,"column":null}},"34":{"start":{"line":112,"column":3},"end":{"line":117,"column":null}},"35":{"start":{"line":113,"column":18},"end":{"line":113,"column":null}},"36":{"start":{"line":114,"column":4},"end":{"line":116,"column":null}},"37":{"start":{"line":115,"column":5},"end":{"line":115,"column":null}},"38":{"start":{"line":119,"column":3},"end":{"line":119,"column":null}},"39":{"start":{"line":122,"column":2},"end":{"line":122,"column":null}},"40":{"start":{"line":134,"column":23},"end":{"line":138,"column":null}},"41":{"start":{"line":140,"column":2},"end":{"line":140,"column":null}},"42":{"start":{"line":147,"column":2},"end":{"line":147,"column":null}},"43":{"start":{"line":154,"column":2},"end":{"line":154,"column":null}},"44":{"start":{"line":161,"column":2},"end":{"line":161,"column":null}},"45":{"start":{"line":162,"column":2},"end":{"line":162,"column":null}},"46":{"start":{"line":163,"column":2},"end":{"line":163,"column":null}},"47":{"start":{"line":168,"column":37},"end":{"line":168,"column":null}},"48":{"start":{"line":173,"column":1},"end":{"line":175,"column":null}},"49":{"start":{"line":174,"column":2},"end":{"line":174,"column":null}},"50":{"start":{"line":176,"column":1},"end":{"line":176,"column":null}},"51":{"start":{"line":180,"column":1},"end":{"line":183,"column":null}},"52":{"start":{"line":181,"column":2},"end":{"line":181,"column":null}},"53":{"start":{"line":182,"column":2},"end":{"line":182,"column":null}}},"fnMap":{"0":{"name":"(anonymous_0)","decl":{"start":{"line":19,"column":1},"end":{"line":19,"column":13}},"loc":{"start":{"line":19,"column":50},"end":{"line":23,"column":null}},"line":19},"1":{"name":"(anonymous_1)","decl":{"start":{"line":28,"column":7},"end":{"line":28,"column":12}},"loc":{"start":{"line":28,"column":52},"end":{"line":30,"column":null}},"line":28},"2":{"name":"(anonymous_2)","decl":{"start":{"line":35,"column":1},"end":{"line":35,"column":15}},"loc":{"start":{"line":35,"column":15},"end":{"line":39,"column":null}},"line":35},"3":{"name":"(anonymous_3)","decl":{"start":{"line":44,"column":1},"end":{"line":44,"column":null}},"loc":{"start":{"line":46,"column":9},"end":{"line":48,"column":null}},"line":46},"4":{"name":"(anonymous_4)","decl":{"start":{"line":53,"column":9},"end":{"line":53,"column":36}},"loc":{"start":{"line":53,"column":36},"end":{"line":73,"column":null}},"line":53},"5":{"name":"(anonymous_5)","decl":{"start":{"line":54,"column":23},"end":{"line":54,"column":29}},"loc":{"start":{"line":54,"column":29},"end":{"line":70,"column":null}},"line":54},"6":{"name":"(anonymous_6)","decl":{"start":{"line":78,"column":1},"end":{"line":78,"column":14}},"loc":{"start":{"line":78,"column":14},"end":{"line":84,"column":null}},"line":78},"7":{"name":"(anonymous_7)","decl":{"start":{"line":89,"column":1},"end":{"line":89,"column":21}},"loc":{"start":{"line":89,"column":55},"end":{"line":102,"column":null}},"line":89},"8":{"name":"(anonymous_8)","decl":{"start":{"line":107,"column":9},"end":{"line":107,"column":33}},"loc":{"start":{"line":107,"column":33},"end":{"line":123,"column":null}},"line":107},"9":{"name":"(anonymous_9)","decl":{"start":{"line":108,"column":15},"end":{"line":108,"column":21}},"loc":{"start":{"line":108,"column":21},"end":{"line":120,"column":null}},"line":108},"10":{"name":"(anonymous_10)","decl":{"start":{"line":128,"column":9},"end":{"line":128,"column":21}},"loc":{"start":{"line":133,"column":10},"end":{"line":141,"column":null}},"line":133},"11":{"name":"(anonymous_11)","decl":{"start":{"line":146,"column":1},"end":{"line":146,"column":29}},"loc":{"start":{"line":146,"column":29},"end":{"line":148,"column":null}},"line":146},"12":{"name":"(anonymous_12)","decl":{"start":{"line":153,"column":1},"end":{"line":153,"column":30}},"loc":{"start":{"line":153,"column":30},"end":{"line":155,"column":null}},"line":153},"13":{"name":"(anonymous_13)","decl":{"start":{"line":160,"column":1},"end":{"line":160,"column":17}},"loc":{"start":{"line":160,"column":17},"end":{"line":164,"column":null}},"line":160},"14":{"name":"getVideoPipeline","decl":{"start":{"line":170,"column":16},"end":{"line":170,"column":null}},"loc":{"start":{"line":172,"column":24},"end":{"line":177,"column":null}},"line":172},"15":{"name":"destroyVideoPipeline","decl":{"start":{"line":179,"column":16},"end":{"line":179,"column":45}},"loc":{"start":{"line":179,"column":45},"end":{"line":184,"column":null}},"line":179}},"branchMap":{"0":{"loc":{"start":{"line":19,"column":40},"end":{"line":19,"column":50}},"type":"default-arg","locations":[{"start":{"line":19,"column":46},"end":{"line":19,"column":50}}],"line":19},"1":{"loc":{"start":{"line":28,"column":12},"end":{"line":28,"column":52}},"type":"default-arg","locations":[{"start":{"line":28,"column":20},"end":{"line":28,"column":52}}],"line":28},"2":{"loc":{"start":{"line":55,"column":3},"end":{"line":55,"column":null}},"type":"if","locations":[{"start":{"line":55,"column":3},"end":{"line":55,"column":null}},{"start":{},"end":{}}],"line":55},"3":{"loc":{"start":{"line":58,"column":3},"end":{"line":66,"column":null}},"type":"if","locations":[{"start":{"line":58,"column":3},"end":{"line":66,"column":null}},{"start":{},"end":{}}],"line":58},"4":{"loc":{"start":{"line":63,"column":4},"end":{"line":65,"column":null}},"type":"if","locations":[{"start":{"line":63,"column":4},"end":{"line":65,"column":null}},{"start":{},"end":{}}],"line":63},"5":{"loc":{"start":{"line":80,"column":2},"end":{"line":83,"column":null}},"type":"if","locations":[{"start":{"line":80,"column":2},"end":{"line":83,"column":null}},{"start":{},"end":{}}],"line":80},"6":{"loc":{"start":{"line":109,"column":3},"end":{"line":109,"column":null}},"type":"if","locations":[{"start":{"line":109,"column":3},"end":{"line":109,"column":null}},{"start":{},"end":{}}],"line":109},"7":{"loc":{"start":{"line":112,"column":3},"end":{"line":117,"column":null}},"type":"if","locations":[{"start":{"line":112,"column":3},"end":{"line":117,"column":null}},{"start":{},"end":{}}],"line":112},"8":{"loc":{"start":{"line":114,"column":4},"end":{"line":116,"column":null}},"type":"if","locations":[{"start":{"line":114,"column":4},"end":{"line":116,"column":null}},{"start":{},"end":{}}],"line":114},"9":{"loc":{"start":{"line":135,"column":9},"end":{"line":135,"column":null}},"type":"cond-expr","locations":[{"start":{"line":135,"column":35},"end":{"line":135,"column":43}},{"start":{"line":135,"column":43},"end":{"line":135,"column":null}}],"line":135},"10":{"loc":{"start":{"line":173,"column":1},"end":{"line":175,"column":null}},"type":"if","locations":[{"start":{"line":173,"column":1},"end":{"line":175,"column":null}},{"start":{},"end":{}}],"line":173},"11":{"loc":{"start":{"line":173,"column":5},"end":{"line":173,"column":26}},"type":"binary-expr","locations":[{"start":{"line":173,"column":5},"end":{"line":173,"column":15}},{"start":{"line":173,"column":15},"end":{"line":173,"column":26}}],"line":173},"12":{"loc":{"start":{"line":180,"column":1},"end":{"line":183,"column":null}},"type":"if","locations":[{"start":{"line":180,"column":1},"end":{"line":183,"column":null}},{"start":{},"end":{}}],"line":180}},"s":{"0":19,"1":19,"2":19,"3":19,"4":19,"5":19,"6":19,"7":2,"8":7,"9":7,"10":7,"11":0,"12":7,"13":7,"14":0,"15":7,"16":7,"17":7,"18":7,"19":7,"20":0,"21":7,"22":7,"23":11,"24":11,"25":6,"26":6,"27":2,"28":2,"29":2,"30":2,"31":7,"32":15,"33":0,"34":15,"35":6,"36":6,"37":6,"38":15,"39":7,"40":6,"41":6,"42":1,"43":1,"44":6,"45":6,"46":6,"47":1,"48":8,"49":5,"50":8,"51":26,"52":5,"53":5},"f":{"0":19,"1":2,"2":7,"3":0,"4":7,"5":7,"6":11,"7":2,"8":7,"9":15,"10":6,"11":1,"12":1,"13":6,"14":8,"15":26},"b":{"0":[19],"1":[2],"2":[0,7],"3":[7,0],"4":[0,7],"5":[6,5],"6":[0,15],"7":[6,9],"8":[6,0],"9":[4,2],"10":[5,3],"11":[8,5],"12":[5,21]},"meta":{"lastBranch":13,"lastFunction":16,"lastStatement":54,"seen":{"s:12:19:12:Infinity":0,"s:13:39:13:Infinity":1,"s:14:53:14:Infinity":2,"s:17:11:17:Infinity":3,"f:19:1:19:13":0,"b:19:46:19:50":0,"s:20:2:20:Infinity":4,"s:21:2:21:Infinity":5,"s:22:2:22:Infinity":6,"f:28:7:28:12":1,"b:28:20:28:52":1,"s:29:2:29:Infinity":7,"f:35:1:35:15":2,"s:36:2:36:Infinity":8,"s:37:2:37:Infinity":9,"s:38:2:38:Infinity":10,"f:44:1:44:Infinity":3,"s:47:2:47:Infinity":11,"f:53:9:53:36":4,"s:54:23:70:Infinity":12,"f:54:23:54:29":5,"b:55:3:55:Infinity:undefined:undefined:undefined:undefined":2,"s:55:3:55:Infinity":13,"s:55:22:55:Infinity":14,"s:57:22:57:Infinity":15,"b:58:3:66:Infinity:undefined:undefined:undefined:undefined":3,"s:58:3:66:Infinity":16,"s:59:4:59:Infinity":17,"s:60:4:60:Infinity":18,"b:63:4:65:Infinity:undefined:undefined:undefined:undefined":4,"s:63:4:65:Infinity":19,"s:64:5:64:Infinity":20,"s:69:3:69:Infinity":21,"s:72:2:72:Infinity":22,"f:78:1:78:14":6,"s:79:2:79:Infinity":23,"b:80:2:83:Infinity:undefined:undefined:undefined:undefined":5,"s:80:2:83:Infinity":24,"s:81:3:81:Infinity":25,"s:82:3:82:Infinity":26,"f:89:1:89:21":7,"s:90:20:90:Infinity":27,"s:92:2:97:Infinity":28,"s:100:21:100:Infinity":29,"s:101:2:101:Infinity":30,"f:107:9:107:33":8,"s:108:15:120:Infinity":31,"f:108:15:108:21":9,"b:109:3:109:Infinity:undefined:undefined:undefined:undefined":6,"s:109:3:109:Infinity":32,"s:109:22:109:Infinity":33,"b:112:3:117:Infinity:undefined:undefined:undefined:undefined":7,"s:112:3:117:Infinity":34,"s:113:18:113:Infinity":35,"b:114:4:116:Infinity:undefined:undefined:undefined:undefined":8,"s:114:4:116:Infinity":36,"s:115:5:115:Infinity":37,"s:119:3:119:Infinity":38,"s:122:2:122:Infinity":39,"f:128:9:128:21":10,"s:134:23:138:Infinity":40,"b:135:35:135:43:135:43:135:Infinity":9,"s:140:2:140:Infinity":41,"f:146:1:146:29":11,"s:147:2:147:Infinity":42,"f:153:1:153:30":12,"s:154:2:154:Infinity":43,"f:160:1:160:17":13,"s:161:2:161:Infinity":44,"s:162:2:162:Infinity":45,"s:163:2:163:Infinity":46,"s:168:37:168:Infinity":47,"f:170:16:170:Infinity":14,"b:173:1:175:Infinity:undefined:undefined:undefined:undefined":10,"s:173:1:175:Infinity":48,"b:173:5:173:15:173:15:173:26":11,"s:174:2:174:Infinity":49,"s:176:1:176:Infinity":50,"f:179:16:179:45":15,"b:180:1:183:Infinity:undefined:undefined:undefined:undefined":12,"s:180:1:183:Infinity":51,"s:181:2:181:Infinity":52,"s:182:2:182:Infinity":53}}}
,"/Users/matthewhans/Desktop/Programming/interdim-cable/viewer/src/services/webcodecs.ts": {"path":"/Users/matthewhans/Desktop/Programming/interdim-cable/viewer/src/services/webcodecs.ts","statementMap":{"0":{"start":{"line":5,"column":40},"end":{"line":5,"column":null}},"1":{"start":{"line":8,"column":24},"end":{"line":8,"column":null}},"2":{"start":{"line":11,"column":2},"end":{"line":11,"column":null}},"3":{"start":{"line":13,"column":2},"end":{"line":13,"column":null}},"4":{"start":{"line":20,"column":37},"end":{"line":23,"column":null}},"5":{"start":{"line":26,"column":18},"end":{"line":26,"column":null}},"6":{"start":{"line":27,"column":2},"end":{"line":29,"column":null}},"7":{"start":{"line":28,"column":3},"end":{"line":28,"column":null}},"8":{"start":{"line":31,"column":2},"end":{"line":36,"column":null}},"9":{"start":{"line":32,"column":34},"end":{"line":32,"column":null}},"10":{"start":{"line":34,"column":4},"end":{"line":34,"column":null}},"11":{"start":{"line":38,"column":2},"end":{"line":38,"column":null}},"12":{"start":{"line":39,"column":2},"end":{"line":39,"column":null}},"13":{"start":{"line":46,"column":2},"end":{"line":49,"column":null}},"14":{"start":{"line":47,"column":3},"end":{"line":47,"column":null}},"15":{"start":{"line":48,"column":3},"end":{"line":48,"column":null}},"16":{"start":{"line":51,"column":2},"end":{"line":51,"column":null}},"17":{"start":{"line":58,"column":2},"end":{"line":58,"column":null}},"18":{"start":{"line":59,"column":2},"end":{"line":59,"column":null}},"19":{"start":{"line":66,"column":2},"end":{"line":69,"column":null}},"20":{"start":{"line":67,"column":3},"end":{"line":67,"column":null}},"21":{"start":{"line":68,"column":3},"end":{"line":68,"column":null}},"22":{"start":{"line":70,"column":2},"end":{"line":70,"column":null}}},"fnMap":{"0":{"name":"(anonymous_0)","decl":{"start":{"line":10,"column":1},"end":{"line":10,"column":13}},"loc":{"start":{"line":10,"column":40},"end":{"line":14,"column":null}},"line":10},"1":{"name":"(anonymous_1)","decl":{"start":{"line":19,"column":7},"end":{"line":19,"column":12}},"loc":{"start":{"line":19,"column":42},"end":{"line":40,"column":null}},"line":19},"2":{"name":"(anonymous_2)","decl":{"start":{"line":32,"column":11},"end":{"line":32,"column":12}},"loc":{"start":{"line":32,"column":34},"end":{"line":32,"column":null}},"line":32},"3":{"name":"(anonymous_3)","decl":{"start":{"line":33,"column":10},"end":{"line":33,"column":11}},"loc":{"start":{"line":33,"column":31},"end":{"line":35,"column":null}},"line":33},"4":{"name":"(anonymous_4)","decl":{"start":{"line":45,"column":1},"end":{"line":45,"column":8}},"loc":{"start":{"line":45,"column":40},"end":{"line":52,"column":null}},"line":45},"5":{"name":"(anonymous_5)","decl":{"start":{"line":57,"column":9},"end":{"line":57,"column":21}},"loc":{"start":{"line":57,"column":46},"end":{"line":60,"column":null}},"line":57},"6":{"name":"(anonymous_6)","decl":{"start":{"line":65,"column":1},"end":{"line":65,"column":17}},"loc":{"start":{"line":65,"column":17},"end":{"line":71,"column":null}},"line":65}},"branchMap":{"0":{"loc":{"start":{"line":27,"column":2},"end":{"line":29,"column":null}},"type":"if","locations":[{"start":{"line":27,"column":2},"end":{"line":29,"column":null}},{"start":{},"end":{}}],"line":27},"1":{"loc":{"start":{"line":46,"column":2},"end":{"line":49,"column":null}},"type":"if","locations":[{"start":{"line":46,"column":2},"end":{"line":49,"column":null}},{"start":{},"end":{}}],"line":46},"2":{"loc":{"start":{"line":46,"column":6},"end":{"line":46,"column":43}},"type":"binary-expr","locations":[{"start":{"line":46,"column":6},"end":{"line":46,"column":23}},{"start":{"line":46,"column":23},"end":{"line":46,"column":43}}],"line":46},"3":{"loc":{"start":{"line":66,"column":2},"end":{"line":69,"column":null}},"type":"if","locations":[{"start":{"line":66,"column":2},"end":{"line":69,"column":null}},{"start":{},"end":{}}],"line":66}},"s":{"0":5,"1":5,"2":5,"3":5,"4":4,"5":4,"6":4,"7":1,"8":3,"9":1,"10":0,"11":3,"12":3,"13":3,"14":2,"15":2,"16":1,"17":1,"18":1,"19":1,"20":1,"21":1,"22":1},"f":{"0":5,"1":4,"2":1,"3":0,"4":3,"5":1,"6":1},"b":{"0":[1,3],"1":[2,1],"2":[3,1],"3":[1,0]},"meta":{"lastBranch":4,"lastFunction":7,"lastStatement":23,"seen":{"s:5:40:5:Infinity":0,"s:8:24:8:Infinity":1,"f:10:1:10:13":0,"s:11:2:11:Infinity":2,"s:13:2:13:Infinity":3,"f:19:7:19:12":1,"s:20:37:23:Infinity":4,"s:26:18:26:Infinity":5,"b:27:2:29:Infinity:undefined:undefined:undefined:undefined":0,"s:27:2:29:Infinity":6,"s:28:3:28:Infinity":7,"s:31:2:36:Infinity":8,"f:32:11:32:12":2,"s:32:34:32:Infinity":9,"f:33:10:33:11":3,"s:34:4:34:Infinity":10,"s:38:2:38:Infinity":11,"s:39:2:39:Infinity":12,"f:45:1:45:8":4,"b:46:2:49:Infinity:undefined:undefined:undefined:undefined":1,"s:46:2:49:Infinity":13,"b:46:6:46:23:46:23:46:43":2,"s:47:3:47:Infinity":14,"s:48:3:48:Infinity":15,"s:51:2:51:Infinity":16,"f:57:9:57:21":5,"s:58:2:58:Infinity":17,"s:59:2:59:Infinity":18,"f:65:1:65:17":6,"b:66:2:69:Infinity:undefined:undefined:undefined:undefined":3,"s:66:2:69:Infinity":19,"s:67:3:67:Infinity":20,"s:68:3:68:Infinity":21,"s:70:2:70:Infinity":22}}}
,"/Users/matthewhans/Desktop/Programming/interdim-cable/viewer/src/store/appStore.ts": {"path":"/Users/matthewhans/Desktop/Programming/interdim-cable/viewer/src/store/appStore.ts","statementMap":{"0":{"start":{"line":65,"column":13},"end":{"line":124,"column":null}},"1":{"start":{"line":67,"column":12},"end":{"line":113,"column":null}},"2":{"start":{"line":93,"column":29},"end":{"line":93,"column":null}},"3":{"start":{"line":94,"column":32},"end":{"line":94,"column":null}},"4":{"start":{"line":95,"column":26},"end":{"line":95,"column":null}},"5":{"start":{"line":96,"column":21},"end":{"line":96,"column":null}},"6":{"start":{"line":96,"column":33},"end":{"line":96,"column":57}},"7":{"start":{"line":97,"column":28},"end":{"line":97,"column":null}},"8":{"start":{"line":98,"column":36},"end":{"line":98,"column":null}},"9":{"start":{"line":100,"column":4},"end":{"line":100,"column":null}},"10":{"start":{"line":101,"column":27},"end":{"line":101,"column":null}},"11":{"start":{"line":101,"column":39},"end":{"line":101,"column":58}},"12":{"start":{"line":103,"column":4},"end":{"line":103,"column":null}},"13":{"start":{"line":105,"column":4},"end":{"line":105,"column":null}},"14":{"start":{"line":106,"column":24},"end":{"line":106,"column":null}},"15":{"start":{"line":106,"column":36},"end":{"line":106,"column":68}},"16":{"start":{"line":107,"column":25},"end":{"line":107,"column":null}},"17":{"start":{"line":107,"column":37},"end":{"line":107,"column":71}},"18":{"start":{"line":108,"column":27},"end":{"line":108,"column":null}},"19":{"start":{"line":108,"column":39},"end":{"line":108,"column":73}},"20":{"start":{"line":109,"column":35},"end":{"line":109,"column":null}},"21":{"start":{"line":111,"column":4},"end":{"line":111,"column":null}},"22":{"start":{"line":111,"column":16},"end":{"line":111,"column":59}},"23":{"start":{"line":112,"column":30},"end":{"line":112,"column":null}},"24":{"start":{"line":116,"column":27},"end":{"line":121,"column":null}}},"fnMap":{"0":{"name":"(anonymous_0)","decl":{"start":{"line":67,"column":2},"end":{"line":67,"column":3}},"loc":{"start":{"line":67,"column":12},"end":{"line":113,"column":null}},"line":67},"1":{"name":"(anonymous_1)","decl":{"start":{"line":93,"column":19},"end":{"line":93,"column":20}},"loc":{"start":{"line":93,"column":29},"end":{"line":93,"column":null}},"line":93},"2":{"name":"(anonymous_2)","decl":{"start":{"line":94,"column":21},"end":{"line":94,"column":22}},"loc":{"start":{"line":94,"column":32},"end":{"line":94,"column":null}},"line":94},"3":{"name":"(anonymous_3)","decl":{"start":{"line":95,"column":14},"end":{"line":95,"column":15}},"loc":{"start":{"line":95,"column":26},"end":{"line":95,"column":null}},"line":95},"4":{"name":"(anonymous_4)","decl":{"start":{"line":96,"column":15},"end":{"line":96,"column":21}},"loc":{"start":{"line":96,"column":21},"end":{"line":96,"column":null}},"line":96},"5":{"name":"(anonymous_5)","decl":{"start":{"line":96,"column":25},"end":{"line":96,"column":26}},"loc":{"start":{"line":96,"column":33},"end":{"line":96,"column":57}},"line":96},"6":{"name":"(anonymous_6)","decl":{"start":{"line":97,"column":15},"end":{"line":97,"column":16}},"loc":{"start":{"line":97,"column":28},"end":{"line":97,"column":null}},"line":97},"7":{"name":"(anonymous_7)","decl":{"start":{"line":98,"column":24},"end":{"line":98,"column":25}},"loc":{"start":{"line":98,"column":36},"end":{"line":98,"column":null}},"line":98},"8":{"name":"(anonymous_8)","decl":{"start":{"line":99,"column":22},"end":{"line":99,"column":23}},"loc":{"start":{"line":100,"column":4},"end":{"line":100,"column":null}},"line":100},"9":{"name":"(anonymous_9)","decl":{"start":{"line":101,"column":16},"end":{"line":101,"column":17}},"loc":{"start":{"line":101,"column":27},"end":{"line":101,"column":null}},"line":101},"10":{"name":"(anonymous_10)","decl":{"start":{"line":101,"column":31},"end":{"line":101,"column":32}},"loc":{"start":{"line":101,"column":39},"end":{"line":101,"column":58}},"line":101},"11":{"name":"(anonymous_11)","decl":{"start":{"line":102,"column":23},"end":{"line":102,"column":24}},"loc":{"start":{"line":103,"column":4},"end":{"line":103,"column":null}},"line":103},"12":{"name":"(anonymous_12)","decl":{"start":{"line":104,"column":20},"end":{"line":104,"column":21}},"loc":{"start":{"line":105,"column":4},"end":{"line":105,"column":null}},"line":105},"13":{"name":"(anonymous_13)","decl":{"start":{"line":106,"column":18},"end":{"line":106,"column":24}},"loc":{"start":{"line":106,"column":24},"end":{"line":106,"column":null}},"line":106},"14":{"name":"(anonymous_14)","decl":{"start":{"line":106,"column":28},"end":{"line":106,"column":29}},"loc":{"start":{"line":106,"column":36},"end":{"line":106,"column":68}},"line":106},"15":{"name":"(anonymous_15)","decl":{"start":{"line":107,"column":19},"end":{"line":107,"column":25}},"loc":{"start":{"line":107,"column":25},"end":{"line":107,"column":null}},"line":107},"16":{"name":"(anonymous_16)","decl":{"start":{"line":107,"column":29},"end":{"line":107,"column":30}},"loc":{"start":{"line":107,"column":37},"end":{"line":107,"column":71}},"line":107},"17":{"name":"(anonymous_17)","decl":{"start":{"line":108,"column":21},"end":{"line":108,"column":27}},"loc":{"start":{"line":108,"column":27},"end":{"line":108,"column":null}},"line":108},"18":{"name":"(anonymous_18)","decl":{"start":{"line":108,"column":31},"end":{"line":108,"column":32}},"loc":{"start":{"line":108,"column":39},"end":{"line":108,"column":73}},"line":108},"19":{"name":"(anonymous_19)","decl":{"start":{"line":109,"column":22},"end":{"line":109,"column":23}},"loc":{"start":{"line":109,"column":35},"end":{"line":109,"column":null}},"line":109},"20":{"name":"(anonymous_20)","decl":{"start":{"line":110,"column":27},"end":{"line":110,"column":28}},"loc":{"start":{"line":111,"column":4},"end":{"line":111,"column":null}},"line":111},"21":{"name":"(anonymous_21)","decl":{"start":{"line":111,"column":8},"end":{"line":111,"column":9}},"loc":{"start":{"line":111,"column":16},"end":{"line":111,"column":59}},"line":111},"22":{"name":"(anonymous_22)","decl":{"start":{"line":112,"column":20},"end":{"line":112,"column":21}},"loc":{"start":{"line":112,"column":30},"end":{"line":112,"column":null}},"line":112},"23":{"name":"(anonymous_23)","decl":{"start":{"line":116,"column":15},"end":{"line":116,"column":16}},"loc":{"start":{"line":116,"column":27},"end":{"line":121,"column":null}},"line":116}},"branchMap":{},"s":{"0":3,"1":3,"2":4,"3":2,"4":11,"5":2,"6":2,"7":5,"8":1,"9":1,"10":1,"11":1,"12":4,"13":1,"14":3,"15":3,"16":3,"17":3,"18":2,"19":2,"20":2,"21":2,"22":2,"23":0,"24":147},"f":{"0":3,"1":4,"2":2,"3":11,"4":2,"5":2,"6":5,"7":1,"8":1,"9":1,"10":1,"11":4,"12":1,"13":3,"14":3,"15":3,"16":3,"17":2,"18":2,"19":2,"20":2,"21":2,"22":0,"23":147},"b":{},"meta":{"lastBranch":0,"lastFunction":24,"lastStatement":25,"seen":{"s:65:13:124:Infinity":0,"f:67:2:67:3":0,"s:67:12:113:Infinity":1,"f:93:19:93:20":1,"s:93:29:93:Infinity":2,"f:94:21:94:22":2,"s:94:32:94:Infinity":3,"f:95:14:95:15":3,"s:95:26:95:Infinity":4,"f:96:15:96:21":4,"s:96:21:96:Infinity":5,"f:96:25:96:26":5,"s:96:33:96:57":6,"f:97:15:97:16":6,"s:97:28:97:Infinity":7,"f:98:24:98:25":7,"s:98:36:98:Infinity":8,"f:99:22:99:23":8,"s:100:4:100:Infinity":9,"f:101:16:101:17":9,"s:101:27:101:Infinity":10,"f:101:31:101:32":10,"s:101:39:101:58":11,"f:102:23:102:24":11,"s:103:4:103:Infinity":12,"f:104:20:104:21":12,"s:105:4:105:Infinity":13,"f:106:18:106:24":13,"s:106:24:106:Infinity":14,"f:106:28:106:29":14,"s:106:36:106:68":15,"f:107:19:107:25":15,"s:107:25:107:Infinity":16,"f:107:29:107:30":16,"s:107:37:107:71":17,"f:108:21:108:27":17,"s:108:27:108:Infinity":18,"f:108:31:108:32":18,"s:108:39:108:73":19,"f:109:22:109:23":19,"s:109:35:109:Infinity":20,"f:110:27:110:28":20,"s:111:4:111:Infinity":21,"f:111:8:111:9":21,"s:111:16:111:59":22,"f:112:20:112:21":22,"s:112:30:112:Infinity":23,"f:116:15:116:16":23,"s:116:27:121:Infinity":24}}}
}
